<?xml version="1.0" encoding="UTF-8"?>
<!-- Generated by org.testng.reporters.JUnitXMLReporter -->
<testsuite hostname="Sraavan-Sumith" name="Web Test - Firefox Browser" tests="6" failures="0" timestamp="20 Oct 2018 11:33:55 GMT" time="1.462" errors="0">
  <testcase name="@BeforeClass setUp" time="0.0" classname="com.skv.tests.web.LoginTest">
    <failure type="java.lang.NullPointerException">
      <![CDATA[java.lang.NullPointerException
	at com.skv.framework.utils.SetWebDriver.setWebBrowser(SetWebDriver.java:46)
	at com.skv.tests.web.LoginTest.setUp(LoginTest.java:30)
	at java.util.concurrent.FutureTask.run(FutureTask.java:266)
	at java.util.concurrent.ThreadPoolExecutor.runWorker(ThreadPoolExecutor.java:1149)
	at java.util.concurrent.ThreadPoolExecutor$Worker.run(ThreadPoolExecutor.java:624)
	at java.lang.Thread.run(Thread.java:748)
... Removed 16 stack frames]]>
    </failure>
  </testcase> <!-- @BeforeClass setUp -->
  <testcase name="@AfterClass tearDown" time="0.0" classname="com.skv.tests.web.LoginTest">
    <skipped/>
  </testcase> <!-- @AfterClass tearDown -->
  <testcase name="@BeforeMethod beforeMethod" time="0.0" classname="com.skv.tests.web.Web_Application_Tests">
    <failure type="java.lang.NullPointerException">
      <![CDATA[java.lang.NullPointerException
	at com.skv.framework.utils.SetWebDriver.setWebBrowser(SetWebDriver.java:46)
	at com.skv.tests.web.Web_Application_Tests.beforeMethod(Web_Application_Tests.java:29)
	at java.util.concurrent.FutureTask.run(FutureTask.java:266)
	at java.util.concurrent.ThreadPoolExecutor.runWorker(ThreadPoolExecutor.java:1149)
	at java.util.concurrent.ThreadPoolExecutor$Worker.run(ThreadPoolExecutor.java:624)
	at java.lang.Thread.run(Thread.java:748)
... Removed 18 stack frames]]>
    </failure>
  </testcase> <!-- @BeforeMethod beforeMethod -->
  <testcase name="@AfterMethod afterMethod" time="0.0" classname="com.skv.tests.web.Web_Application_Tests">
    <skipped/>
  </testcase> <!-- @AfterMethod afterMethod -->
  <testcase name="@BeforeMethod beforeMethod" time="0.0" classname="com.skv.tests.web.Web_Application_Tests">
    <skipped/>
  </testcase> <!-- @BeforeMethod beforeMethod -->
  <testcase name="@AfterMethod afterMethod" time="0.0" classname="com.skv.tests.web.Web_Application_Tests">
    <skipped/>
  </testcase> <!-- @AfterMethod afterMethod -->
  <testcase name="@BeforeMethod beforeMethod" time="0.0" classname="com.skv.tests.web.Web_Application_Tests">
    <skipped/>
  </testcase> <!-- @BeforeMethod beforeMethod -->
  <testcase name="@AfterMethod afterMethod" time="0.0" classname="com.skv.tests.web.Web_Application_Tests">
    <skipped/>
  </testcase> <!-- @AfterMethod afterMethod -->
  <testcase name="@BeforeMethod beforeMethod" time="0.0" classname="com.skv.tests.web.Web_Application_Tests">
    <skipped/>
  </testcase> <!-- @BeforeMethod beforeMethod -->
  <testcase name="@AfterMethod afterMethod" time="0.0" classname="com.skv.tests.web.Web_Application_Tests">
    <skipped/>
  </testcase> <!-- @AfterMethod afterMethod -->
  <testcase name="@BeforeMethod beforeMethod" time="0.0" classname="com.skv.tests.web.Web_Application_Tests">
    <skipped/>
  </testcase> <!-- @BeforeMethod beforeMethod -->
  <testcase name="@AfterMethod afterMethod" time="0.0" classname="com.skv.tests.web.Web_Application_Tests">
    <skipped/>
  </testcase> <!-- @AfterMethod afterMethod -->
  <testcase name="testLogin" time="0.19" classname="com.skv.tests.web.LoginTest">
    <skipped/>
  </testcase> <!-- testLogin -->
  <testcase name="addProductTest" time="0.008" classname="com.skv.tests.web.Web_Application_Tests">
    <skipped/>
  </testcase> <!-- addProductTest -->
  <testcase name="homePageTest" time="0.006" classname="com.skv.tests.web.Web_Application_Tests">
    <skipped/>
  </testcase> <!-- homePageTest -->
  <testcase name="loginTest" time="0.013" classname="com.skv.tests.web.Web_Application_Tests">
    <skipped/>
  </testcase> <!-- loginTest -->
  <testcase name="logoutTest" time="0.003" classname="com.skv.tests.web.Web_Application_Tests">
    <skipped/>
  </testcase> <!-- logoutTest -->
  <testcase name="searchProducts" time="0.007" classname="com.skv.tests.web.Web_Application_Tests">
    <skipped/>
  </testcase> <!-- searchProducts -->
</testsuite> <!-- Web Test - Firefox Browser -->
