<?xml version="1.0" encoding="UTF-8"?>
<!-- Generated by org.testng.reporters.JUnitXMLReporter -->
<testsuite hostname="Sraavan-Sumith" name="Web Test - Edge Browser" tests="6" failures="0" timestamp="21 Jul 2019 06:27:37 GMT" time="1.912" errors="0">
  <testcase name="@BeforeClass setUp" time="0.0" classname="com.skv.tests.web.LoginTest">
    <failure type="java.lang.IllegalStateException" message="The driver executable does not exist: D:\Workspace\Automation_Framework\TestAutomation\TestScripts\Resources\Drivers\MicrosoftWebDriver.exe">
      <![CDATA[java.lang.IllegalStateException: The driver executable does not exist: D:\Workspace\Automation_Framework\TestAutomation\TestScripts\Resources\Drivers\MicrosoftWebDriver.exe
	at com.google.common.base.Preconditions.checkState(Preconditions.java:199)
	at org.openqa.selenium.remote.service.DriverService.checkExecutable(DriverService.java:121)
	at org.openqa.selenium.remote.service.DriverService.findExecutable(DriverService.java:116)
	at org.openqa.selenium.edge.EdgeDriverService.access$000(EdgeDriverService.java:33)
	at org.openqa.selenium.edge.EdgeDriverService$Builder.findDefaultExecutable(EdgeDriverService.java:63)
	at org.openqa.selenium.remote.service.DriverService$Builder.build(DriverService.java:296)
	at org.openqa.selenium.edge.EdgeDriverService.createDefaultService(EdgeDriverService.java:55)
	at org.openqa.selenium.edge.EdgeDriver.<init>(EdgeDriver.java:98)
	at com.skv.framework.utils.SetWebDriver.setWebBrowser(SetWebDriver.java:74)
	at com.skv.tests.web.LoginTest.setUp(LoginTest.java:30)
	at java.util.concurrent.FutureTask.run(FutureTask.java:266)
	at java.util.concurrent.ThreadPoolExecutor.runWorker(ThreadPoolExecutor.java:1149)
	at java.util.concurrent.ThreadPoolExecutor$Worker.run(ThreadPoolExecutor.java:624)
	at java.lang.Thread.run(Thread.java:748)
... Removed 16 stack frames]]>
    </failure>
  </testcase> <!-- @BeforeClass setUp -->
  <testcase name="@AfterClass tearDown" time="0.0" classname="com.skv.tests.web.LoginTest">
    <skipped/>
  </testcase> <!-- @AfterClass tearDown -->
  <testcase name="@BeforeMethod beforeMethod" time="0.0" classname="com.skv.tests.web.Web_Application_Tests">
    <failure type="java.lang.IllegalStateException" message="The driver executable does not exist: D:\Workspace\Automation_Framework\TestAutomation\TestScripts\Resources\Drivers\MicrosoftWebDriver.exe">
      <![CDATA[java.lang.IllegalStateException: The driver executable does not exist: D:\Workspace\Automation_Framework\TestAutomation\TestScripts\Resources\Drivers\MicrosoftWebDriver.exe
	at com.google.common.base.Preconditions.checkState(Preconditions.java:199)
	at org.openqa.selenium.remote.service.DriverService.checkExecutable(DriverService.java:121)
	at org.openqa.selenium.remote.service.DriverService.findExecutable(DriverService.java:116)
	at org.openqa.selenium.edge.EdgeDriverService.access$000(EdgeDriverService.java:33)
	at org.openqa.selenium.edge.EdgeDriverService$Builder.findDefaultExecutable(EdgeDriverService.java:63)
	at org.openqa.selenium.remote.service.DriverService$Builder.build(DriverService.java:296)
	at org.openqa.selenium.edge.EdgeDriverService.createDefaultService(EdgeDriverService.java:55)
	at org.openqa.selenium.edge.EdgeDriver.<init>(EdgeDriver.java:98)
	at com.skv.framework.utils.SetWebDriver.setWebBrowser(SetWebDriver.java:74)
	at com.skv.tests.web.Web_Application_Tests.beforeMethod(Web_Application_Tests.java:29)
	at java.util.concurrent.FutureTask.run(FutureTask.java:266)
	at java.util.concurrent.ThreadPoolExecutor.runWorker(ThreadPoolExecutor.java:1149)
	at java.util.concurrent.ThreadPoolExecutor$Worker.run(ThreadPoolExecutor.java:624)
	at java.lang.Thread.run(Thread.java:748)
... Removed 18 stack frames]]>
    </failure>
  </testcase> <!-- @BeforeMethod beforeMethod -->
  <testcase name="@AfterMethod afterMethod" time="0.0" classname="com.skv.tests.web.Web_Application_Tests">
    <skipped/>
  </testcase> <!-- @AfterMethod afterMethod -->
  <testcase name="@BeforeMethod beforeMethod" time="0.0" classname="com.skv.tests.web.Web_Application_Tests">
    <skipped/>
  </testcase> <!-- @BeforeMethod beforeMethod -->
  <testcase name="@AfterMethod afterMethod" time="0.0" classname="com.skv.tests.web.Web_Application_Tests">
    <skipped/>
  </testcase> <!-- @AfterMethod afterMethod -->
  <testcase name="@BeforeMethod beforeMethod" time="0.0" classname="com.skv.tests.web.Web_Application_Tests">
    <skipped/>
  </testcase> <!-- @BeforeMethod beforeMethod -->
  <testcase name="@AfterMethod afterMethod" time="0.0" classname="com.skv.tests.web.Web_Application_Tests">
    <skipped/>
  </testcase> <!-- @AfterMethod afterMethod -->
  <testcase name="@BeforeMethod beforeMethod" time="0.0" classname="com.skv.tests.web.Web_Application_Tests">
    <skipped/>
  </testcase> <!-- @BeforeMethod beforeMethod -->
  <testcase name="@AfterMethod afterMethod" time="0.0" classname="com.skv.tests.web.Web_Application_Tests">
    <skipped/>
  </testcase> <!-- @AfterMethod afterMethod -->
  <testcase name="@BeforeMethod beforeMethod" time="0.0" classname="com.skv.tests.web.Web_Application_Tests">
    <skipped/>
  </testcase> <!-- @BeforeMethod beforeMethod -->
  <testcase name="@AfterMethod afterMethod" time="0.0" classname="com.skv.tests.web.Web_Application_Tests">
    <skipped/>
  </testcase> <!-- @AfterMethod afterMethod -->
  <testcase name="testLogin" time="0.118" classname="com.skv.tests.web.LoginTest">
    <skipped/>
  </testcase> <!-- testLogin -->
  <testcase name="addProductTest" time="0.003" classname="com.skv.tests.web.Web_Application_Tests">
    <skipped/>
  </testcase> <!-- addProductTest -->
  <testcase name="homePageTest" time="0.006" classname="com.skv.tests.web.Web_Application_Tests">
    <skipped/>
  </testcase> <!-- homePageTest -->
  <testcase name="loginTest" time="0.005" classname="com.skv.tests.web.Web_Application_Tests">
    <skipped/>
  </testcase> <!-- loginTest -->
  <testcase name="logoutTest" time="0.004" classname="com.skv.tests.web.Web_Application_Tests">
    <skipped/>
  </testcase> <!-- logoutTest -->
  <testcase name="searchProducts" time="0.003" classname="com.skv.tests.web.Web_Application_Tests">
    <skipped/>
  </testcase> <!-- searchProducts -->
</testsuite> <!-- Web Test - Edge Browser -->
