<!DOCTYPE html PUBLIC "-//W3C//DTD XHTML 1.1//EN" "http://www.w3.org/TR/xhtml11/DTD/xhtml11.dtd">
<html xmlns="http://www.w3.org/1999/xhtml"><head><title>TestNG Report</title><style type="text/css">table {margin-bottom:10px;border-collapse:collapse;empty-cells:show}th,td {border:1px solid #009;padding:.25em .5em}th {vertical-align:bottom}td {vertical-align:top}table a {font-weight:bold}.stripe td {background-color: #E6EBF9}.num {text-align:right}.passedodd td {background-color: #3F3}.passedeven td {background-color: #0A0}.skippedodd td {background-color: #DDD}.skippedeven td {background-color: #CCC}.failedodd td,.attn {background-color: #F33}.failedeven td,.stripe .attn {background-color: #D00}.stacktrace {white-space:pre;font-family:monospace}.totop {font-size:85%;text-align:center;border-bottom:2px solid #000}</style></head><body><table><tr><th>Test</th><th># Passed</th><th># Skipped</th><th># Failed</th><th>Time (ms)</th><th>Included Groups</th><th>Excluded Groups</th></tr><tr><th colspan="7">All Test Suites (Web + API + Mobile)</th></tr><tr><th colspan="7">Web Application Test Suite</th></tr><tr><td><a href="#t0">Web Test - Firefox Browser</a></td><td class="num">0</td><td class="num attn">6</td><td class="num">0</td><td class="num">1,176</td><td></td><td></td></tr><tr class="stripe"><td><a href="#t1">Web Test - Edge Browser</a></td><td class="num">4</td><td class="num">0</td><td class="num attn">2</td><td class="num">100,350</td><td></td><td></td></tr><tr><td><a href="#t2">Web Test - Chrome Browser</a></td><td class="num">4</td><td class="num">0</td><td class="num attn">2</td><td class="num">124,021</td><td></td><td></td></tr><tr><th>Total</th><th class="num">8</th><th class="num attn">6</th><th class="num attn">4</th><th class="num">225,547</th><th colspan="2"></th></tr></table><table><thead><tr><th>Class</th><th>Method</th><th>Start</th><th>Time (ms)</th></tr></thead><tbody><tr><th colspan="4">All Test Suites (Web + API + Mobile)</th></tr></tbody><tbody><tr><th colspan="4">Web Application Test Suite</th></tr></tbody><tbody id="t0"><tr><th colspan="4">Web Test - Firefox Browser &#8212; failed (configuration methods)</th></tr><tr class="failedeven"><td rowspan="1">com.skv.tests.web.LoginTest</td><td><a href="#m0">setUp</a></td><td rowspan="1">1540034688053</td><td rowspan="1">0</td></tr><tr class="failedodd"><td rowspan="1">com.skv.tests.web.Web_Application_Tests</td><td><a href="#m1">beforeMethod</a></td><td rowspan="1">1540034688944</td><td rowspan="1">0</td></tr><tr><th colspan="4">Web Test - Firefox Browser &#8212; skipped (configuration methods)</th></tr><tr class="skippedeven"><td rowspan="1">com.skv.tests.web.LoginTest</td><td><a href="#m2">tearDown</a></td><td rowspan="1">1540034688941</td><td rowspan="1">0</td></tr><tr class="skippedodd"><td rowspan="9">com.skv.tests.web.Web_Application_Tests</td><td><a href="#m3">afterMethod</a></td><td rowspan="5">1540034689086</td><td rowspan="5">0</td></tr><tr class="skippedodd"><td><a href="#m4">afterMethod</a></td></tr><tr class="skippedodd"><td><a href="#m5">afterMethod</a></td></tr><tr class="skippedodd"><td><a href="#m6">afterMethod</a></td></tr><tr class="skippedodd"><td><a href="#m7">afterMethod</a></td></tr><tr class="skippedodd"><td><a href="#m8">beforeMethod</a></td><td rowspan="4">1540034689090</td><td rowspan="4">0</td></tr><tr class="skippedodd"><td><a href="#m9">beforeMethod</a></td></tr><tr class="skippedodd"><td><a href="#m10">beforeMethod</a></td></tr><tr class="skippedodd"><td><a href="#m11">beforeMethod</a></td></tr><tr><th colspan="4">Web Test - Firefox Browser &#8212; skipped</th></tr><tr class="skippedeven"><td rowspan="1">com.skv.tests.web.LoginTest</td><td><a href="#m12">testLogin</a></td><td rowspan="1">1540034688457</td><td rowspan="1">168</td></tr><tr class="skippedodd"><td rowspan="5">com.skv.tests.web.Web_Application_Tests</td><td><a href="#m13">addProductTest</a></td><td rowspan="1">1540034688994</td><td rowspan="1">7</td></tr><tr class="skippedodd"><td><a href="#m14">homePageTest</a></td><td rowspan="1">1540034689026</td><td rowspan="1">4</td></tr><tr class="skippedodd"><td><a href="#m15">loginTest</a></td><td rowspan="1">1540034689064</td><td rowspan="1">9</td></tr><tr class="skippedodd"><td><a href="#m16">logoutTest</a></td><td rowspan="1">1540034689091</td><td rowspan="1">5</td></tr><tr class="skippedodd"><td><a href="#m17">searchProducts</a></td><td rowspan="1">1540034689148</td><td rowspan="1">4</td></tr></tbody><tbody id="t1"><tr><th colspan="4">Web Test - Edge Browser &#8212; failed</th></tr><tr class="failedeven"><td rowspan="1">com.skv.tests.web.LoginTest</td><td><a href="#m18">testLogin</a></td><td rowspan="1">1540034706870</td><td rowspan="1">30881</td></tr><tr class="failedodd"><td rowspan="1">com.skv.tests.web.Web_Application_Tests</td><td><a href="#m19">searchProducts</a></td><td rowspan="1">1540034780383</td><td rowspan="1">6156</td></tr><tr><th colspan="4">Web Test - Edge Browser &#8212; passed</th></tr><tr class="passedeven"><td rowspan="4">com.skv.tests.web.Web_Application_Tests</td><td><a href="#m20">addProductTest</a></td><td rowspan="1">1540034742156</td><td rowspan="1">4414</td></tr><tr class="passedeven"><td><a href="#m21">homePageTest</a></td><td rowspan="1">1540034751593</td><td rowspan="1">9141</td></tr><tr class="passedeven"><td><a href="#m22">loginTest</a></td><td rowspan="1">1540034763612</td><td rowspan="1">8003</td></tr><tr class="passedeven"><td><a href="#m23">logoutTest</a></td><td rowspan="1">1540034774877</td><td rowspan="1">2757</td></tr></tbody><tbody id="t2"><tr><th colspan="4">Web Test - Chrome Browser &#8212; failed</th></tr><tr class="failedeven"><td rowspan="1">com.skv.tests.web.LoginTest</td><td><a href="#m24">testLogin</a></td><td rowspan="1">1540034700617</td><td rowspan="1">33445</td></tr><tr class="failedodd"><td rowspan="1">com.skv.tests.web.Web_Application_Tests</td><td><a href="#m25">searchProducts</a></td><td rowspan="1">1540034806093</td><td rowspan="1">4227</td></tr><tr><th colspan="4">Web Test - Chrome Browser &#8212; passed</th></tr><tr class="passedeven"><td rowspan="4">com.skv.tests.web.Web_Application_Tests</td><td><a href="#m26">addProductTest</a></td><td rowspan="1">1540034744985</td><td rowspan="1">6565</td></tr><tr class="passedeven"><td><a href="#m27">homePageTest</a></td><td rowspan="1">1540034756479</td><td rowspan="1">9682</td></tr><tr class="passedeven"><td><a href="#m28">loginTest</a></td><td rowspan="1">1540034771137</td><td rowspan="1">21354</td></tr><tr class="passedeven"><td><a href="#m29">logoutTest</a></td><td rowspan="1">1540034798085</td><td rowspan="1">3612</td></tr></tbody></table><h2>Web Test - Firefox Browser</h2><h3 id="m0">com.skv.tests.web.LoginTest#setUp</h3><table class="result"><tr class="param"><th>Parameter #1</th></tr><tr class="param stripe"><td>firefox</td></tr><tr><th>Exception</th></tr><tr><td><div class="stacktrace">java.lang.NullPointerException
	at com.skv.framework.utils.SetWebDriver.setWebBrowser(SetWebDriver.java:46)
	at com.skv.tests.web.LoginTest.setUp(LoginTest.java:30)
	at java.util.concurrent.FutureTask.run(FutureTask.java:266)
	at java.util.concurrent.ThreadPoolExecutor.runWorker(ThreadPoolExecutor.java:1149)
	at java.util.concurrent.ThreadPoolExecutor$Worker.run(ThreadPoolExecutor.java:624)
	at java.lang.Thread.run(Thread.java:748)
... Removed 16 stack frames</div></td></tr></table><p class="totop"><a href="#summary">back to summary</a></p><h3 id="m1">com.skv.tests.web.Web_Application_Tests#beforeMethod</h3><table class="result"><tr class="param"><th>Parameter #1</th></tr><tr class="param stripe"><td>firefox</td></tr><tr><th>Exception</th></tr><tr><td><div class="stacktrace">java.lang.NullPointerException
	at com.skv.framework.utils.SetWebDriver.setWebBrowser(SetWebDriver.java:46)
	at com.skv.tests.web.Web_Application_Tests.beforeMethod(Web_Application_Tests.java:29)
	at java.util.concurrent.FutureTask.run(FutureTask.java:266)
	at java.util.concurrent.ThreadPoolExecutor.runWorker(ThreadPoolExecutor.java:1149)
	at java.util.concurrent.ThreadPoolExecutor$Worker.run(ThreadPoolExecutor.java:624)
	at java.lang.Thread.run(Thread.java:748)
... Removed 18 stack frames</div></td></tr></table><p class="totop"><a href="#summary">back to summary</a></p><h3 id="m2">com.skv.tests.web.LoginTest#tearDown</h3><table class="result"></table><p class="totop"><a href="#summary">back to summary</a></p><h3 id="m3">com.skv.tests.web.Web_Application_Tests#afterMethod</h3><table class="result"></table><p class="totop"><a href="#summary">back to summary</a></p><h3 id="m4">com.skv.tests.web.Web_Application_Tests#afterMethod</h3><table class="result"></table><p class="totop"><a href="#summary">back to summary</a></p><h3 id="m5">com.skv.tests.web.Web_Application_Tests#afterMethod</h3><table class="result"></table><p class="totop"><a href="#summary">back to summary</a></p><h3 id="m6">com.skv.tests.web.Web_Application_Tests#afterMethod</h3><table class="result"></table><p class="totop"><a href="#summary">back to summary</a></p><h3 id="m7">com.skv.tests.web.Web_Application_Tests#afterMethod</h3><table class="result"></table><p class="totop"><a href="#summary">back to summary</a></p><h3 id="m8">com.skv.tests.web.Web_Application_Tests#beforeMethod</h3><table class="result"></table><p class="totop"><a href="#summary">back to summary</a></p><h3 id="m9">com.skv.tests.web.Web_Application_Tests#beforeMethod</h3><table class="result"></table><p class="totop"><a href="#summary">back to summary</a></p><h3 id="m10">com.skv.tests.web.Web_Application_Tests#beforeMethod</h3><table class="result"></table><p class="totop"><a href="#summary">back to summary</a></p><h3 id="m11">com.skv.tests.web.Web_Application_Tests#beforeMethod</h3><table class="result"></table><p class="totop"><a href="#summary">back to summary</a></p><h3 id="m12">com.skv.tests.web.LoginTest#testLogin</h3><table class="result"></table><p class="totop"><a href="#summary">back to summary</a></p><h3 id="m13">com.skv.tests.web.Web_Application_Tests#addProductTest</h3><table class="result"></table><p class="totop"><a href="#summary">back to summary</a></p><h3 id="m14">com.skv.tests.web.Web_Application_Tests#homePageTest</h3><table class="result"></table><p class="totop"><a href="#summary">back to summary</a></p><h3 id="m15">com.skv.tests.web.Web_Application_Tests#loginTest</h3><table class="result"></table><p class="totop"><a href="#summary">back to summary</a></p><h3 id="m16">com.skv.tests.web.Web_Application_Tests#logoutTest</h3><table class="result"></table><p class="totop"><a href="#summary">back to summary</a></p><h3 id="m17">com.skv.tests.web.Web_Application_Tests#searchProducts</h3><table class="result"></table><p class="totop"><a href="#summary">back to summary</a></p><h2>Web Test - Edge Browser</h2><h3 id="m18">com.skv.tests.web.LoginTest#testLogin</h3><table class="result"><tr><th>Exception</th></tr><tr><td><div class="stacktrace">org.openqa.selenium.NoSuchElementException: No such element (WARNING: The server did not provide any stacktrace information)
Command duration or timeout: 30.01 seconds
For documentation on this error, please visit: http://seleniumhq.org/exceptions/no_such_element.html
Build info: version: &apos;2.53.1&apos;, revision: &apos;a36b8b1cd5757287168e54b817830adce9b0158d&apos;, time: &apos;2016-06-30 19:26:09&apos;
System info: host: &apos;Sraavan-Sumith&apos;, ip: &apos;192.168.43.50&apos;, os.name: &apos;Windows 10&apos;, os.arch: &apos;amd64&apos;, os.version: &apos;10.0&apos;, java.version: &apos;1.8.0_191&apos;
Driver info: org.openqa.selenium.edge.EdgeDriver
Capabilities [{applicationCacheEnabled=true, InPrivate=false, pageLoadStrategy=normal, platform=ANY, acceptSslCerts=true, browserVersion=42.17134.1.0, platformVersion=10, locationContextEnabled=true, webStorageEnabled=true, browserName=MicrosoftEdge, takesScreenshot=true, takesElementScreenshot=true, platformName=windows}]
Session ID: FA17F310-9A89-4281-9924-23CF3976913F
*** Element info: {Using=link text, value=SIGN-OFF}
	at org.openqa.selenium.remote.ErrorHandler.createThrowable(ErrorHandler.java:206)
	at org.openqa.selenium.remote.ErrorHandler.throwIfResponseFailed(ErrorHandler.java:158)
	at org.openqa.selenium.remote.RemoteWebDriver.execute(RemoteWebDriver.java:678)
	at org.openqa.selenium.remote.RemoteWebDriver.findElement(RemoteWebDriver.java:363)
	at org.openqa.selenium.remote.RemoteWebDriver.findElementByLinkText(RemoteWebDriver.java:428)
	at org.openqa.selenium.By$ByLinkText.findElement(By.java:246)
	at org.openqa.selenium.remote.RemoteWebDriver.findElement(RemoteWebDriver.java:355)
	at org.openqa.selenium.support.pagefactory.DefaultElementLocator.findElement(DefaultElementLocator.java:69)
	at org.openqa.selenium.support.pagefactory.internal.LocatingElementHandler.invoke(LocatingElementHandler.java:38)
	at com.sun.proxy.$Proxy31.click(Unknown Source)
	at com.skv.web.pages.HomePage.singOff(HomePage.java:21)
	at com.skv.tests.web.LoginTest.testLogin(LoginTest.java:45)
	at java.util.concurrent.FutureTask.run(FutureTask.java:266)
	at java.util.concurrent.ThreadPoolExecutor.runWorker(ThreadPoolExecutor.java:1149)
	at java.util.concurrent.ThreadPoolExecutor$Worker.run(ThreadPoolExecutor.java:624)
	at java.lang.Thread.run(Thread.java:748)
... Removed 20 stack frames</div></td></tr></table><p class="totop"><a href="#summary">back to summary</a></p><h3 id="m19">com.skv.tests.web.Web_Application_Tests#searchProducts</h3><table class="result"><tr><th>Exception</th></tr><tr><td><div class="stacktrace">java.lang.AssertionError: I Am Failed To Execute...
	at org.junit.Assert.fail(Assert.java:88)
	at com.skv.tests.web.Web_Application_Tests.searchProducts(Web_Application_Tests.java:69)
	at java.util.concurrent.FutureTask.run(FutureTask.java:266)
	at java.util.concurrent.ThreadPoolExecutor.runWorker(ThreadPoolExecutor.java:1149)
	at java.util.concurrent.ThreadPoolExecutor$Worker.run(ThreadPoolExecutor.java:624)
	at java.lang.Thread.run(Thread.java:748)
... Removed 16 stack frames</div></td></tr></table><p class="totop"><a href="#summary">back to summary</a></p><h3 id="m20">com.skv.tests.web.Web_Application_Tests#addProductTest</h3><table class="result"></table><p class="totop"><a href="#summary">back to summary</a></p><h3 id="m21">com.skv.tests.web.Web_Application_Tests#homePageTest</h3><table class="result"></table><p class="totop"><a href="#summary">back to summary</a></p><h3 id="m22">com.skv.tests.web.Web_Application_Tests#loginTest</h3><table class="result"></table><p class="totop"><a href="#summary">back to summary</a></p><h3 id="m23">com.skv.tests.web.Web_Application_Tests#logoutTest</h3><table class="result"></table><p class="totop"><a href="#summary">back to summary</a></p><h2>Web Test - Chrome Browser</h2><h3 id="m24">com.skv.tests.web.LoginTest#testLogin</h3><table class="result"><tr><th>Exception</th></tr><tr><td><div class="stacktrace">org.openqa.selenium.NoSuchElementException: no such element: Unable to locate element: {&quot;method&quot;:&quot;link text&quot;,&quot;selector&quot;:&quot;SIGN-OFF&quot;}
  (Session info: chrome=69.0.3497.100)
  (Driver info: chromedriver=2.41.578737 (49da6702b16031c40d63e5618de03a32ff6c197e),platform=Windows NT 10.0.17134 x86_64) (WARNING: The server did not provide any stacktrace information)
Command duration or timeout: 30.05 seconds
For documentation on this error, please visit: http://seleniumhq.org/exceptions/no_such_element.html
Build info: version: &apos;2.53.1&apos;, revision: &apos;a36b8b1cd5757287168e54b817830adce9b0158d&apos;, time: &apos;2016-06-30 19:26:09&apos;
System info: host: &apos;Sraavan-Sumith&apos;, ip: &apos;192.168.43.50&apos;, os.name: &apos;Windows 10&apos;, os.arch: &apos;amd64&apos;, os.version: &apos;10.0&apos;, java.version: &apos;1.8.0_191&apos;
Driver info: org.openqa.selenium.chrome.ChromeDriver
Capabilities [{mobileEmulationEnabled=false, hasTouchScreen=false, platform=XP, acceptSslCerts=false, goog:chromeOptions={debuggerAddress=localhost:64994}, acceptInsecureCerts=false, webStorageEnabled=true, browserName=chrome, takesScreenshot=true, javascriptEnabled=true, setWindowRect=true, unexpectedAlertBehaviour=, applicationCacheEnabled=false, rotatable=false, networkConnectionEnabled=false, chrome={chromedriverVersion=2.41.578737 (49da6702b16031c40d63e5618de03a32ff6c197e), userDataDir=C:\Users\sumit\AppData\Local\Temp\scoped_dir13012_28751}, takesHeapSnapshot=true, pageLoadStrategy=normal, databaseEnabled=false, handlesAlerts=true, version=69.0.3497.100, browserConnectionEnabled=false, nativeEvents=true, locationContextEnabled=true, cssSelectorsEnabled=true}]
Session ID: aec79e842fa4e6af2626eb8d30f4b565
*** Element info: {Using=link text, value=SIGN-OFF}
	at org.openqa.selenium.remote.ErrorHandler.createThrowable(ErrorHandler.java:206)
	at org.openqa.selenium.remote.ErrorHandler.throwIfResponseFailed(ErrorHandler.java:158)
	at org.openqa.selenium.remote.RemoteWebDriver.execute(RemoteWebDriver.java:678)
	at org.openqa.selenium.remote.RemoteWebDriver.findElement(RemoteWebDriver.java:363)
	at org.openqa.selenium.remote.RemoteWebDriver.findElementByLinkText(RemoteWebDriver.java:428)
	at org.openqa.selenium.By$ByLinkText.findElement(By.java:246)
	at org.openqa.selenium.remote.RemoteWebDriver.findElement(RemoteWebDriver.java:355)
	at org.openqa.selenium.support.pagefactory.DefaultElementLocator.findElement(DefaultElementLocator.java:69)
	at org.openqa.selenium.support.pagefactory.internal.LocatingElementHandler.invoke(LocatingElementHandler.java:38)
	at com.sun.proxy.$Proxy31.click(Unknown Source)
	at com.skv.web.pages.HomePage.singOff(HomePage.java:21)
	at com.skv.tests.web.LoginTest.testLogin(LoginTest.java:45)
	at java.util.concurrent.FutureTask.run(FutureTask.java:266)
	at java.util.concurrent.ThreadPoolExecutor.runWorker(ThreadPoolExecutor.java:1149)
	at java.util.concurrent.ThreadPoolExecutor$Worker.run(ThreadPoolExecutor.java:624)
	at java.lang.Thread.run(Thread.java:748)
... Removed 20 stack frames</div></td></tr></table><p class="totop"><a href="#summary">back to summary</a></p><h3 id="m25">com.skv.tests.web.Web_Application_Tests#searchProducts</h3><table class="result"><tr><th>Exception</th></tr><tr><td><div class="stacktrace">java.lang.AssertionError: I Am Failed To Execute...
	at org.junit.Assert.fail(Assert.java:88)
	at com.skv.tests.web.Web_Application_Tests.searchProducts(Web_Application_Tests.java:69)
	at java.util.concurrent.FutureTask.run(FutureTask.java:266)
	at java.util.concurrent.ThreadPoolExecutor.runWorker(ThreadPoolExecutor.java:1149)
	at java.util.concurrent.ThreadPoolExecutor$Worker.run(ThreadPoolExecutor.java:624)
	at java.lang.Thread.run(Thread.java:748)
... Removed 16 stack frames</div></td></tr></table><p class="totop"><a href="#summary">back to summary</a></p><h3 id="m26">com.skv.tests.web.Web_Application_Tests#addProductTest</h3><table class="result"></table><p class="totop"><a href="#summary">back to summary</a></p><h3 id="m27">com.skv.tests.web.Web_Application_Tests#homePageTest</h3><table class="result"></table><p class="totop"><a href="#summary">back to summary</a></p><h3 id="m28">com.skv.tests.web.Web_Application_Tests#loginTest</h3><table class="result"></table><p class="totop"><a href="#summary">back to summary</a></p><h3 id="m29">com.skv.tests.web.Web_Application_Tests#logoutTest</h3><table class="result"></table><p class="totop"><a href="#summary">back to summary</a></p></body></html>